{"content": {"suites": {"0": {"status": {"total_pass": 5, "total_skip": 0, "total_xpass": 0, "total_xfail": 0, "total_rerun": 0, "total_fail": 0, "total_error": 0}, "tests": {"0": {"status": "PASS", "message": "", "test_name": "test_create_article", "rerun": "0"}, "1": {"status": "PASS", "message": "", "test_name": "test_delete_article", "rerun": "0"}, "2": {"status": "PASS", "message": "", "test_name": "test_get_article", "rerun": "0"}, "3": {"status": "PASS", "message": "", "test_name": "test_get_articles", "rerun": "0"}, "4": {"status": "PASS", "message": "", "test_name": "test_update_article", "rerun": "0"}}, "suite_name": "tests/integration/test_articles_api.py"}, "1": {"suite_name": "tests/unit/test_articles_unit.py", "tests": {"0": {"status": "PASS", "message": "", "test_name": "test_delete_article", "rerun": "0"}, "1": {"status": "PASS", "message": "", "test_name": "test_deserialize_article", "rerun": "0"}, "2": {"status": "PASS", "message": "", "test_name": "test_serialize_article", "rerun": "0"}, "3": {"status": "PASS", "message": "", "test_name": "test_update_article", "rerun": "0"}}, "status": {"total_pass": 4, "total_skip": 0, "total_xpass": 0, "total_xfail": 0, "total_rerun": 0, "total_fail": 0, "total_error": 0}}, "2": {"suite_name": "tests/e2e/test_articles_e2e.py", "tests": {"0": {"status": "FAIL", "message": "   selenium.common.exceptions.WebDriverException: Message: unknown error: net::ERR_CONNECTION_REFUSED\n     (Session info: chrome=131.0.6778.264)\n   Stacktrace:\n   #0 0x55c25a6321fa <unknown>\n   #1 0x55c25a142810 <unknown>\n   #2 0x55c25a13aa24 <unknown>\n   #3 0x55c25a12adb9 <unknown>\n   #4 0x55c25a12cac4 <unknown>\n   #5 0x55c25a12b06d <unknown>\n   #6 0x55c25a12a8cf <unknown>\n   #7 0x55c25a12a7c2 <unknown>\n   #8 0x55c25a1287e6 <unknown>\n   #9 0x55c25a128e5a <unknown>\n   #10 0x55c25a145139 <unknown>\n   #11 0x55c25a1d4c55 <unknown>\n   #12 0x55c25a1b5582 <unknown>\n   #13 0x55c25a1d4007 <unknown>\n   #14 0x55c25a1b5323 <unknown>\n   #15 0x55c25a183de0 <unknown>\n   #16 0x55c25a184dbe <unknown>\n   #17 0x55c25a5fe12b <unknown>\n   #18 0x55c25a6020c7 <unknown>\n   #19 0x55c25a5eb6cc <unknown>\n   #20 0x55c25a602c47 <unknown>\n   #21 0x55c25a5d067f <unknown>\n   #22 0x55c25a621288 <unknown>\n   #23 0x55c25a621450 <unknown>\n   #24 0x55c25a631076 <unknown>\n   #25 0x7f695949ca94 <unknown>\n   #26 0x7f6959529c3c <unknown>\n", "test_name": "test_create_article", "rerun": "0"}, "1": {"status": "FAIL", "message": "   selenium.common.exceptions.WebDriverException: Message: unknown error: net::ERR_CONNECTION_REFUSED\n     (Session info: chrome=131.0.6778.264)\n   Stacktrace:\n   #0 0x559e7d0151fa <unknown>\n   #1 0x559e7cb25810 <unknown>\n   #2 0x559e7cb1da24 <unknown>\n   #3 0x559e7cb0ddb9 <unknown>\n   #4 0x559e7cb0fac4 <unknown>\n   #5 0x559e7cb0e06d <unknown>\n   #6 0x559e7cb0d8cf <unknown>\n   #7 0x559e7cb0d7c2 <unknown>\n   #8 0x559e7cb0b7e6 <unknown>\n   #9 0x559e7cb0be5a <unknown>\n   #10 0x559e7cb28139 <unknown>\n   #11 0x559e7cbb7c55 <unknown>\n   #12 0x559e7cb98582 <unknown>\n   #13 0x559e7cbb7007 <unknown>\n   #14 0x559e7cb98323 <unknown>\n   #15 0x559e7cb66de0 <unknown>\n   #16 0x559e7cb67dbe <unknown>\n   #17 0x559e7cfe112b <unknown>\n   #18 0x559e7cfe50c7 <unknown>\n   #19 0x559e7cfce6cc <unknown>\n   #20 0x559e7cfe5c47 <unknown>\n   #21 0x559e7cfb367f <unknown>\n   #22 0x559e7d004288 <unknown>\n   #23 0x559e7d004450 <unknown>\n   #24 0x559e7d014076 <unknown>\n   #25 0x7fba5049ca94 <unknown>\n   #26 0x7fba50529c3c <unknown>\n", "test_name": "test_create_multiple_articles", "rerun": "0"}, "2": {"status": "FAIL", "message": "   selenium.common.exceptions.WebDriverException: Message: unknown error: net::ERR_CONNECTION_REFUSED\n     (Session info: chrome=131.0.6778.264)\n   Stacktrace:\n   #0 0x555a7a1e31fa <unknown>\n   #1 0x555a79cf3810 <unknown>\n   #2 0x555a79ceba24 <unknown>\n   #3 0x555a79cdbdb9 <unknown>\n   #4 0x555a79cddac4 <unknown>\n   #5 0x555a79cdc06d <unknown>\n   #6 0x555a79cdb8cf <unknown>\n   #7 0x555a79cdb7c2 <unknown>\n   #8 0x555a79cd97e6 <unknown>\n   #9 0x555a79cd9e5a <unknown>\n   #10 0x555a79cf6139 <unknown>\n   #11 0x555a79d85c55 <unknown>\n   #12 0x555a79d66582 <unknown>\n   #13 0x555a79d85007 <unknown>\n   #14 0x555a79d66323 <unknown>\n   #15 0x555a79d34de0 <unknown>\n   #16 0x555a79d35dbe <unknown>\n   #17 0x555a7a1af12b <unknown>\n   #18 0x555a7a1b30c7 <unknown>\n   #19 0x555a7a19c6cc <unknown>\n   #20 0x555a7a1b3c47 <unknown>\n   #21 0x555a7a18167f <unknown>\n   #22 0x555a7a1d2288 <unknown>\n   #23 0x555a7a1d2450 <unknown>\n   #24 0x555a7a1e2076 <unknown>\n   #25 0x7f0f7049ca94 <unknown>\n   #26 0x7f0f70529c3c <unknown>\n", "test_name": "test_edit_post", "rerun": "0"}, "3": {"status": "FAIL", "message": "   selenium.common.exceptions.WebDriverException: Message: unknown error: net::ERR_CONNECTION_REFUSED\n     (Session info: chrome=131.0.6778.264)\n   Stacktrace:\n   #0 0x55d86420c1fa <unknown>\n   #1 0x55d863d1c810 <unknown>\n   #2 0x55d863d14a24 <unknown>\n   #3 0x55d863d04db9 <unknown>\n   #4 0x55d863d06ac4 <unknown>\n   #5 0x55d863d0506d <unknown>\n   #6 0x55d863d048cf <unknown>\n   #7 0x55d863d047c2 <unknown>\n   #8 0x55d863d027e6 <unknown>\n   #9 0x55d863d02e5a <unknown>\n   #10 0x55d863d1f139 <unknown>\n   #11 0x55d863daec55 <unknown>\n   #12 0x55d863d8f582 <unknown>\n   #13 0x55d863dae007 <unknown>\n   #14 0x55d863d8f323 <unknown>\n   #15 0x55d863d5dde0 <unknown>\n   #16 0x55d863d5edbe <unknown>\n   #17 0x55d8641d812b <unknown>\n   #18 0x55d8641dc0c7 <unknown>\n   #19 0x55d8641c56cc <unknown>\n   #20 0x55d8641dcc47 <unknown>\n   #21 0x55d8641aa67f <unknown>\n   #22 0x55d8641fb288 <unknown>\n   #23 0x55d8641fb450 <unknown>\n   #24 0x55d86420b076 <unknown>\n   #25 0x7f2874c9ca94 <unknown>\n   #26 0x7f2874d29c3c <unknown>\n", "test_name": "test_delete_added_article", "rerun": "0"}}, "status": {"total_pass": 0, "total_skip": 0, "total_xpass": 0, "total_xfail": 0, "total_rerun": 0, "total_fail": 4, "total_error": 0}}}}, "date": "January 11, 2025", "start_time": 1736627450.664682, "total_suite": 3, "status": "FAIL", "status_list": {"pass": "9", "fail": "4", "skip": "0", "error": "0", "xpass": "0", "xfail": "0", "rerun": "0"}, "total_tests": "13"}